<?xml version="1.0" encoding="UTF-8"?>
<testsuite xmlns:xsi="http://www.w3.org/2001/XMLSchema-instance" xsi:noNamespaceSchemaLocation="https://maven.apache.org/surefire/maven-surefire-plugin/xsd/surefire-test-report.xsd" version="3.0.2" name="com.nl.unit.TryoutUnitApplicationTests" time="5.229" tests="1" errors="0" skipped="0" failures="0">
  <properties>
[...]
</properties>
  <testcase name="contextLoads" classname="com.nl.unit.TryoutUnitApplicationTests" time="0.013">
    <system-out><![CDATA[21:19:13.831 [main] INFO org.springframework.test.context.support.AnnotationConfigContextLoaderUtils -- Could not detect default configuration classes for test class [com.nl.unit.TryoutUnitApplicationTests]: TryoutUnitApplicationTests does not declare any static, non-private, non-final, nested classes annotated with @Configuration.
21:19:13.982 [main] INFO org.springframework.boot.test.context.SpringBootTestContextBootstrapper -- Found @SpringBootConfiguration com.nl.unit.TryoutUnitApplication for test class com.nl.unit.TryoutUnitApplicationTests

  .   ____          _            __ _ _
 /\\ / ___'_ __ _ _(_)_ __  __ _ \ \ \ \
( ( )\___ | '_ | '_| | '_ \/ _` | \ \ \ \
 \\/  ___)| |_)| | | | | || (_| |  ) ) ) )
  '  |____| .__|_| |_|_| |_\__, | / / / /
 =========|_|==============|___/=/_/_/_/

 :: Spring Boot ::                (v3.5.3)

2025-07-21T21:19:15.375+05:30  INFO 18064 --- [tryout-unit] [           main] com.nl.unit.TryoutUnitApplicationTests   : Starting TryoutUnitApplicationTests using Java 21.0.2 with PID 18064 (started by Venkata.Pulipati in D:\workspace\sts\tryout-unit)
2025-07-21T21:19:15.376+05:30  INFO 18064 --- [tryout-unit] [           main] com.nl.unit.TryoutUnitApplicationTests   : No active profile set, falling back to 1 default profile: "default"
2025-07-21T21:19:16.809+05:30  INFO 18064 --- [tryout-unit] [           main] .s.d.r.c.RepositoryConfigurationDelegate : Bootstrapping Spring Data JPA repositories in DEFAULT mode.
2025-07-21T21:19:16.874+05:30  INFO 18064 --- [tryout-unit] [           main] .s.d.r.c.RepositoryConfigurationDelegate : Finished Spring Data repository scanning in 52 ms. Found 2 JPA repository interfaces.
2025-07-21T21:19:17.168+05:30  INFO 18064 --- [tryout-unit] [           main] com.zaxxer.hikari.HikariDataSource       : HikariPool-1 - Starting...
2025-07-21T21:19:17.380+05:30  INFO 18064 --- [tryout-unit] [           main] com.zaxxer.hikari.pool.HikariPool        : HikariPool-1 - Added connection conn0: url=jdbc:h2:mem:eaa61a41-aa97-42e2-9d1a-25b1dc2232e6 user=SA
2025-07-21T21:19:17.382+05:30  INFO 18064 --- [tryout-unit] [           main] com.zaxxer.hikari.HikariDataSource       : HikariPool-1 - Start completed.
2025-07-21T21:19:17.423+05:30  INFO 18064 --- [tryout-unit] [           main] o.hibernate.jpa.internal.util.LogHelper  : HHH000204: Processing PersistenceUnitInfo [name: default]
2025-07-21T21:19:17.502+05:30  INFO 18064 --- [tryout-unit] [           main] org.hibernate.Version                    : HHH000412: Hibernate ORM core version 6.6.18.Final
2025-07-21T21:19:17.544+05:30  INFO 18064 --- [tryout-unit] [           main] o.h.c.internal.RegionFactoryInitiator    : HHH000026: Second-level cache disabled
2025-07-21T21:19:17.724+05:30  INFO 18064 --- [tryout-unit] [           main] o.s.o.j.p.SpringPersistenceUnitInfo      : No LoadTimeWeaver setup: ignoring JPA class transformer
2025-07-21T21:19:17.808+05:30  INFO 18064 --- [tryout-unit] [           main] org.hibernate.orm.connections.pooling    : HHH10001005: Database info:
	Database JDBC URL [Connecting through datasource 'HikariDataSource (HikariPool-1)']
	Database driver: undefined/unknown
	Database version: 2.3.232
	Autocommit mode: undefined/unknown
	Isolation level: undefined/unknown
	Minimum pool size: undefined/unknown
	Maximum pool size: undefined/unknown
2025-07-21T21:19:18.453+05:30  INFO 18064 --- [tryout-unit] [           main] o.h.e.t.j.p.i.JtaPlatformInitiator       : HHH000489: No JTA platform available (set 'hibernate.transaction.jta.platform' to enable JTA platform integration)
2025-07-21T21:19:18.485+05:30  INFO 18064 --- [tryout-unit] [           main] j.LocalContainerEntityManagerFactoryBean : Initialized JPA EntityManagerFactory for persistence unit 'default'
2025-07-21T21:19:18.822+05:30  INFO 18064 --- [tryout-unit] [           main] o.s.d.j.r.query.QueryEnhancerFactory     : Hibernate is in classpath; If applicable, HQL parser will be used.
2025-07-21T21:19:18.905+05:30  INFO 18064 --- [tryout-unit] [           main] com.nl.unit.TryoutUnitApplicationTests   : Started TryoutUnitApplicationTests in 4.796 seconds (process running for 6.85)
]]></system-out>
  </testcase>
</testsuite>